  main.cpp
c:\users\jeff\documents\github\spaceinvaderstutorial\source\main.cpp(80): warning C4244: 'argument' : conversion from 'const int' to 'float', possible loss of data
c:\users\jeff\documents\github\spaceinvaderstutorial\source\main.cpp(92): warning C4244: 'argument' : conversion from 'float' to 'int', possible loss of data
c:\users\jeff\documents\github\spaceinvaderstutorial\source\main.cpp(93): warning C4244: 'argument' : conversion from 'float' to 'int', possible loss of data
c:\users\jeff\documents\github\spaceinvaderstutorial\source\main.cpp(101): warning C4244: 'argument' : conversion from 'float' to 'int', possible loss of data
c:\users\jeff\documents\github\spaceinvaderstutorial\source\main.cpp(115): warning C4244: 'argument' : conversion from 'const float' to 'int', possible loss of data
c:\users\jeff\documents\github\spaceinvaderstutorial\source\main.cpp(117): warning C4244: 'argument' : conversion from 'const float' to 'int', possible loss of data
c:\users\jeff\documents\github\spaceinvaderstutorial\source\main.cpp(118): warning C4244: 'argument' : conversion from 'const float' to 'int', possible loss of data
c:\users\jeff\documents\github\spaceinvaderstutorial\source\main.cpp(121): warning C4244: 'argument' : conversion from 'const float' to 'int', possible loss of data
  AIE_1st_Year_Framework_d.lib(SOIL.obj) : MSIL .netmodule or module compiled with /GL found; restarting link with /LTCG; add /LTCG to the link command line to improve linker performance
LINK : warning LNK4075: ignoring '/INCREMENTAL' due to '/LTCG' specification
main.obj : warning LNK4075: ignoring '/EDITANDCONTINUE' due to '/OPT:LBR' specification
LINK : warning LNK4098: defaultlib 'LIBCMT' conflicts with use of other libs; use /NODEFAULTLIB:library
LINK : warning LNK4098: defaultlib 'MSVCRT' conflicts with use of other libs; use /NODEFAULTLIB:library
  Generating code
  Finished generating code
AIE_1st_Year_Framework_d.lib(SOIL.obj) : warning LNK4099: PDB 'vc110.pdb' was not found with 'AIE_1st_Year_Framework_d.lib(SOIL.obj)' or at 'C:\Users\Jeff\Documents\GitHub\SpaceInvadersTutorial\bin\vc110.pdb'; linking object as if no debug info
AIE_1st_Year_Framework_d.lib(stb_image_aug.obj) : warning LNK4099: PDB 'vc110.pdb' was not found with 'AIE_1st_Year_Framework_d.lib(stb_image_aug.obj)' or at 'C:\Users\Jeff\Documents\GitHub\SpaceInvadersTutorial\bin\vc110.pdb'; linking object as if no debug info
AIE_1st_Year_Framework_d.lib(image_helper.obj) : warning LNK4099: PDB 'vc110.pdb' was not found with 'AIE_1st_Year_Framework_d.lib(image_helper.obj)' or at 'C:\Users\Jeff\Documents\GitHub\SpaceInvadersTutorial\bin\vc110.pdb'; linking object as if no debug info
AIE_1st_Year_Framework_d.lib(image_DXT.obj) : warning LNK4099: PDB 'vc110.pdb' was not found with 'AIE_1st_Year_Framework_d.lib(image_DXT.obj)' or at 'C:\Users\Jeff\Documents\GitHub\SpaceInvadersTutorial\bin\vc110.pdb'; linking object as if no debug info
AIE_1st_Year_Framework_d.lib(tinystr.obj) : warning LNK4099: PDB 'vc120.pdb' was not found with 'AIE_1st_Year_Framework_d.lib(tinystr.obj)' or at 'C:\Users\Jeff\Documents\GitHub\SpaceInvadersTutorial\bin\vc120.pdb'; linking object as if no debug info
AIE_1st_Year_Framework_d.lib(tinyxml.obj) : warning LNK4099: PDB 'vc120.pdb' was not found with 'AIE_1st_Year_Framework_d.lib(tinyxml.obj)' or at 'C:\Users\Jeff\Documents\GitHub\SpaceInvadersTutorial\bin\vc120.pdb'; linking object as if no debug info
AIE_1st_Year_Framework_d.lib(tinyxmlerror.obj) : warning LNK4099: PDB 'vc120.pdb' was not found with 'AIE_1st_Year_Framework_d.lib(tinyxmlerror.obj)' or at 'C:\Users\Jeff\Documents\GitHub\SpaceInvadersTutorial\bin\vc120.pdb'; linking object as if no debug info
AIE_1st_Year_Framework_d.lib(tinyxmlHelper.obj) : warning LNK4099: PDB 'vc120.pdb' was not found with 'AIE_1st_Year_Framework_d.lib(tinyxmlHelper.obj)' or at 'C:\Users\Jeff\Documents\GitHub\SpaceInvadersTutorial\bin\vc120.pdb'; linking object as if no debug info
AIE_1st_Year_Framework_d.lib(tinyxmlparser.obj) : warning LNK4099: PDB 'vc120.pdb' was not found with 'AIE_1st_Year_Framework_d.lib(tinyxmlparser.obj)' or at 'C:\Users\Jeff\Documents\GitHub\SpaceInvadersTutorial\bin\vc120.pdb'; linking object as if no debug info
AIE_1st_Year_Framework_d.lib(AIE.obj) : warning LNK4099: PDB 'vc120.pdb' was not found with 'AIE_1st_Year_Framework_d.lib(AIE.obj)' or at 'C:\Users\Jeff\Documents\GitHub\SpaceInvadersTutorial\bin\vc120.pdb'; linking object as if no debug info
AIE_1st_Year_Framework_d.lib(AIE_Framework.obj) : warning LNK4099: PDB 'vc120.pdb' was not found with 'AIE_1st_Year_Framework_d.lib(AIE_Framework.obj)' or at 'C:\Users\Jeff\Documents\GitHub\SpaceInvadersTutorial\bin\vc120.pdb'; linking object as if no debug info
AIE_1st_Year_Framework_d.lib(BasicSprite.obj) : warning LNK4099: PDB 'vc120.pdb' was not found with 'AIE_1st_Year_Framework_d.lib(BasicSprite.obj)' or at 'C:\Users\Jeff\Documents\GitHub\SpaceInvadersTutorial\bin\vc120.pdb'; linking object as if no debug info
AIE_1st_Year_Framework_d.lib(Font.obj) : warning LNK4099: PDB 'vc120.pdb' was not found with 'AIE_1st_Year_Framework_d.lib(Font.obj)' or at 'C:\Users\Jeff\Documents\GitHub\SpaceInvadersTutorial\bin\vc120.pdb'; linking object as if no debug info
AIE_1st_Year_Framework_d.lib(FontManager.obj) : warning LNK4099: PDB 'vc120.pdb' was not found with 'AIE_1st_Year_Framework_d.lib(FontManager.obj)' or at 'C:\Users\Jeff\Documents\GitHub\SpaceInvadersTutorial\bin\vc120.pdb'; linking object as if no debug info
AIE_1st_Year_Framework_d.lib(Gizmos.obj) : warning LNK4099: PDB 'vc120.pdb' was not found with 'AIE_1st_Year_Framework_d.lib(Gizmos.obj)' or at 'C:\Users\Jeff\Documents\GitHub\SpaceInvadersTutorial\bin\vc120.pdb'; linking object as if no debug info
AIE_1st_Year_Framework_d.lib(SpriteManager.obj) : warning LNK4099: PDB 'vc120.pdb' was not found with 'AIE_1st_Year_Framework_d.lib(SpriteManager.obj)' or at 'C:\Users\Jeff\Documents\GitHub\SpaceInvadersTutorial\bin\vc120.pdb'; linking object as if no debug info
AIE_1st_Year_Framework_d.lib(strHandler.obj) : warning LNK4099: PDB 'vc120.pdb' was not found with 'AIE_1st_Year_Framework_d.lib(strHandler.obj)' or at 'C:\Users\Jeff\Documents\GitHub\SpaceInvadersTutorial\bin\vc120.pdb'; linking object as if no debug info
AIE_1st_Year_Framework_d.lib(Texture.obj) : warning LNK4099: PDB 'vc120.pdb' was not found with 'AIE_1st_Year_Framework_d.lib(Texture.obj)' or at 'C:\Users\Jeff\Documents\GitHub\SpaceInvadersTutorial\bin\vc120.pdb'; linking object as if no debug info
AIE_1st_Year_Framework_d.lib(TextureManager.obj) : warning LNK4099: PDB 'vc120.pdb' was not found with 'AIE_1st_Year_Framework_d.lib(TextureManager.obj)' or at 'C:\Users\Jeff\Documents\GitHub\SpaceInvadersTutorial\bin\vc120.pdb'; linking object as if no debug info
AIE_1st_Year_Framework_d.lib(Utilities.obj) : warning LNK4099: PDB 'vc120.pdb' was not found with 'AIE_1st_Year_Framework_d.lib(Utilities.obj)' or at 'C:\Users\Jeff\Documents\GitHub\SpaceInvadersTutorial\bin\vc120.pdb'; linking object as if no debug info
AIE_1st_Year_Framework_d.lib(glew.obj) : warning LNK4099: PDB 'vc100.pdb' was not found with 'AIE_1st_Year_Framework_d.lib(glew.obj)' or at 'C:\Users\Jeff\Documents\GitHub\SpaceInvadersTutorial\bin\vc100.pdb'; linking object as if no debug info
  AIE Template.vcxproj -> C:\Users\Jeff\Documents\GitHub\SpaceInvadersTutorial\bin\AIE Template_d.exe
